Lmod has detected the following error: The following module(s) are unknown:
"python"

Please check the spelling or version number. Also try "module spider ..."
It is also possible your cache file is out-of-date; it may help to try:
  $ module --ignore_cache load "python"

Also make sure that all modulefiles written in TCL start with the string
#%Module



Starting Task 1 scaling runs. This might take a minute...
Testing n=32 with 1024 threads...
Testing n=32 with 256 threads...
Testing n=64 with 1024 threads...
Testing n=64 with 256 threads...
Testing n=128 with 1024 threads...
Testing n=128 with 256 threads...
Testing n=256 with 1024 threads...
Testing n=256 with 256 threads...
Testing n=512 with 1024 threads...
Testing n=512 with 256 threads...
Testing n=1024 with 1024 threads...
Testing n=1024 with 256 threads...
Testing n=2048 with 1024 threads...
Testing n=2048 with 256 threads...
Testing n=4096 with 1024 threads...
Testing n=4096 with 256 threads...
Testing n=8192 with 1024 threads...
Testing n=8192 with 256 threads...
Testing n=16384 with 1024 threads...
Testing n=16384 with 256 threads...
Done! Plot saved directly to task1.pdf.
